Plan hash value: 1306160881
 
------------------------------------------------------------------------------------------------
| Id  | Operation         | Name                       | Rows  | Bytes | Cost (%CPU)| Time     |
------------------------------------------------------------------------------------------------
|   0 | SELECT STATEMENT  |                            |     1 |    47 |     3   (0)| 00:00:01 |
|*  1 |  TABLE ACCESS FULL| OTC_M_TRANSFORMACION_FLUJO |     1 |    47 |     3   (0)| 00:00:01 |
------------------------------------------------------------------------------------------------
 
Predicate Information (identified by operation id):
---------------------------------------------------
 
   1 - filter("TF"."TRANSACCION"=302)