Plan hash value: 1250780911
 
--------------------------------------------------------------------------------------
| Id  | Operation         | Name             | Rows  | Bytes | Cost (%CPU)| Time     |
--------------------------------------------------------------------------------------
|   0 | SELECT STATEMENT  |                  |     1 |    73 |     3   (0)| 00:00:01 |
|*  1 |  TABLE ACCESS FULL| OTC_D_FORMA_PAGO |     1 |    73 |     3   (0)| 00:00:01 |
--------------------------------------------------------------------------------------
 
Predicate Information (identified by operation id):
---------------------------------------------------
 
   1 - filter("TID_ID"=12 AND "CNV_ID"=25)